<?xml version="1.0" encoding="UTF-8"?>
<!-- Generated by org.testng.reporters.JUnitReportReporter -->
<testsuite skipped="0" hostname="DESKTOP-106CV6O" name="tests.LogTest" tests="7" failures="0" timestamp="03 Aug 2018 17:56:32 GMT" time="24.520" errors="0">
  <testcase name="signIn" time="9.414" classname="tests.LogTest"/>
  <testcase name="signIn1" time="4.381" classname="tests.LogTest"/>
  <testcase name="signIn2" time="1.579" classname="tests.LogTest"/>
  <testcase name="signIn3" time="2.193" classname="tests.LogTest"/>
  <testcase name="signIn4" time="2.749" classname="tests.LogTest"/>
  <testcase name="signIn5" time="2.462" classname="tests.LogTest"/>
  <testcase name="canGoToMyAccount" time="1.742" classname="tests.LogTest"/>
</testsuite> <!-- tests.LogTest -->
